2020-11-14 15:51:57,321 [INFO] Activator:176 - 


2020-11-14 15:51:57,324 [INFO] Activator:177 - !SESSION log4j initialized
2020-11-14 15:52:31,450 [INFO] ApplicationProperties:181 - Using Application install path: D:\Program Files\STM32CubeIDE_1.3.0\STM32CubeIDE\plugins\com.st.stm32cube.common.mx_5.6.0.202002181639
2020-11-14 15:52:31,464 [INFO] DbMcusXml:72 - Set database path to: D:\Program Files\STM32CubeIDE_1.3.0\STM32CubeIDE\plugins\com.st.stm32cube.common.mx_5.6.0.202002181639\\db\/mcu/
2020-11-14 15:52:31,468 [INFO] DbBoardsPdsc:54 - Set plugin database path to: D:\Program Files\STM32CubeIDE_1.3.0\STM32CubeIDE\plugins\com.st.stm32cube.common.mx_5.6.0.202002181639\\db\/plugins/boardmanager/
2020-11-14 15:52:31,469 [INFO] DbMcus:235 - Set plugin images path to: D:\Program Files\STM32CubeIDE_1.3.0\STM32CubeIDE\plugins\com.st.stm32cube.common.mx_5.6.0.202002181639\\db\/plugins/mcufinder/images/
2020-11-14 15:52:31,469 [INFO] DbBoards:232 - Set plugin images path to: D:\Program Files\STM32CubeIDE_1.3.0\STM32CubeIDE\plugins\com.st.stm32cube.common.mx_5.6.0.202002181639\\db\/plugins/mcufinder/images/
2020-11-14 15:52:31,481 [INFO] DbMcusAds:85 - Set database path to: C:\Users\DELL100030173\.stmcufinder\plugins\mcufinder//mcu/
2020-11-14 15:52:31,482 [INFO] DbMcusDocs:108 - Set database path to: C:\Users\DELL100030173\.stmcufinder\plugins\mcufinder//mcu/
2020-11-14 15:52:31,484 [INFO] DbMcusJson:61 - Set database path to: C:\Users\DELL100030173\.stmcufinder\plugins\mcufinder//mcu/
2020-11-14 15:52:31,484 [INFO] DbBoardsDocs:97 - Set database path to: C:\Users\DELL100030173\.stmcufinder\plugins\mcufinder//mcu/
2020-11-14 15:52:31,485 [INFO] DbBoardsJson:51 - Set database path to: C:\Users\DELL100030173\.stmcufinder\plugins\mcufinder//mcu/
2020-11-14 15:52:31,495 [INFO] CrossReferenceDbSqlite:197 - Set database path to: C:\Users\DELL100030173\.stmcufinder\plugins\mcufinder//mcu/cs/
2020-11-14 15:52:31,598 [INFO] RulesReader:52 - Compatibility file has been processed (208 Rules)
2020-11-14 15:52:31,741 [INFO] MicroXplorer:570 - Detected Java Version = 1.8.0_242
2020-11-14 15:52:31,741 [INFO] DbMcusXml:72 - Set database path to: D:\Program Files\STM32CubeIDE_1.3.0\STM32CubeIDE\plugins\com.st.stm32cube.common.mx_5.6.0.202002181639\\db\/mcu/
2020-11-14 15:52:31,742 [INFO] DbBoardsPdsc:54 - Set plugin database path to: D:\Program Files\STM32CubeIDE_1.3.0\STM32CubeIDE\plugins\com.st.stm32cube.common.mx_5.6.0.202002181639\\db\/plugins/boardmanager/
2020-11-14 15:52:31,742 [INFO] DbMcus:235 - Set plugin images path to: D:\Program Files\STM32CubeIDE_1.3.0\STM32CubeIDE\plugins\com.st.stm32cube.common.mx_5.6.0.202002181639\\db\/plugins/mcufinder/images/
2020-11-14 15:52:31,743 [INFO] DbBoards:232 - Set plugin images path to: D:\Program Files\STM32CubeIDE_1.3.0\STM32CubeIDE\plugins\com.st.stm32cube.common.mx_5.6.0.202002181639\\db\/plugins/mcufinder/images/
2020-11-14 15:52:31,743 [WARN] DbFile:36 - Overriding database path with different value: C:\Users\DELL100030173\.stmcufinder\plugins\mcufinder/ => C:\Users\DELL100030173\.stmcufinder\plugins\mcufinder
2020-11-14 15:52:31,743 [INFO] DbMcusAds:85 - Set database path to: C:\Users\DELL100030173\.stmcufinder\plugins\mcufinder//mcu/
2020-11-14 15:52:31,743 [WARN] DbFile:36 - Overriding database path with different value: C:\Users\DELL100030173\.stmcufinder\plugins\mcufinder/ => C:\Users\DELL100030173\.stmcufinder\plugins\mcufinder
2020-11-14 15:52:31,743 [INFO] DbMcusDocs:108 - Set database path to: C:\Users\DELL100030173\.stmcufinder\plugins\mcufinder//mcu/
2020-11-14 15:52:31,743 [WARN] DbFile:36 - Overriding database path with different value: C:\Users\DELL100030173\.stmcufinder\plugins\mcufinder/ => C:\Users\DELL100030173\.stmcufinder\plugins\mcufinder
2020-11-14 15:52:31,744 [INFO] DbMcusJson:61 - Set database path to: C:\Users\DELL100030173\.stmcufinder\plugins\mcufinder//mcu/
2020-11-14 15:52:31,744 [WARN] DbFile:36 - Overriding database path with different value: C:\Users\DELL100030173\.stmcufinder\plugins\mcufinder/ => C:\Users\DELL100030173\.stmcufinder\plugins\mcufinder
2020-11-14 15:52:31,744 [INFO] DbBoardsDocs:97 - Set database path to: C:\Users\DELL100030173\.stmcufinder\plugins\mcufinder//mcu/
2020-11-14 15:52:31,744 [WARN] DbFile:36 - Overriding database path with different value: C:\Users\DELL100030173\.stmcufinder\plugins\mcufinder/ => C:\Users\DELL100030173\.stmcufinder\plugins\mcufinder
2020-11-14 15:52:31,744 [INFO] DbBoardsJson:51 - Set database path to: C:\Users\DELL100030173\.stmcufinder\plugins\mcufinder//mcu/
2020-11-14 15:52:31,744 [WARN] DbFile:36 - Overriding database path with different value: C:\Users\DELL100030173\.stmcufinder\plugins\mcufinder/ => C:\Users\DELL100030173\.stmcufinder\plugins\mcufinder
2020-11-14 15:52:31,744 [WARN] DbFile:36 - Overriding database path with different value: C:\Users\DELL100030173\.stmcufinder\plugins\mcufinder/ => C:\Users\DELL100030173\.stmcufinder\plugins\mcufinder
2020-11-14 15:52:31,744 [INFO] CrossReferenceDbSqlite:197 - Set database path to: C:\Users\DELL100030173\.stmcufinder\plugins\mcufinder//mcu/cs/
2020-11-14 15:52:31,857 [INFO] MainPanel:181 - HeapMemory: 558891008
2020-11-14 15:52:31,965 [INFO] DbMcusXml:72 - Set database path to: D:\Program Files\STM32CubeIDE_1.3.0\STM32CubeIDE\plugins\com.st.stm32cube.common.mx_5.6.0.202002181639\\db\/mcu/
2020-11-14 15:52:31,965 [INFO] DbBoardsPdsc:54 - Set plugin database path to: D:\Program Files\STM32CubeIDE_1.3.0\STM32CubeIDE\plugins\com.st.stm32cube.common.mx_5.6.0.202002181639\\db\/plugins/boardmanager/
2020-11-14 15:52:31,965 [INFO] DbMcus:235 - Set plugin images path to: D:\Program Files\STM32CubeIDE_1.3.0\STM32CubeIDE\plugins\com.st.stm32cube.common.mx_5.6.0.202002181639\\db\/plugins/mcufinder/images/
2020-11-14 15:52:31,965 [INFO] DbBoards:232 - Set plugin images path to: D:\Program Files\STM32CubeIDE_1.3.0\STM32CubeIDE\plugins\com.st.stm32cube.common.mx_5.6.0.202002181639\\db\/plugins/mcufinder/images/
2020-11-14 15:52:31,966 [WARN] DbFile:36 - Overriding database path with different value: C:\Users\DELL100030173\.stmcufinder\plugins\mcufinder/ => C:\Users\DELL100030173\.stmcufinder\plugins\mcufinder
2020-11-14 15:52:31,966 [INFO] DbMcusAds:85 - Set database path to: C:\Users\DELL100030173\.stmcufinder\plugins\mcufinder//mcu/
2020-11-14 15:52:31,966 [WARN] DbFile:36 - Overriding database path with different value: C:\Users\DELL100030173\.stmcufinder\plugins\mcufinder/ => C:\Users\DELL100030173\.stmcufinder\plugins\mcufinder
2020-11-14 15:52:31,966 [INFO] DbMcusDocs:108 - Set database path to: C:\Users\DELL100030173\.stmcufinder\plugins\mcufinder//mcu/
2020-11-14 15:52:31,966 [WARN] DbFile:36 - Overriding database path with different value: C:\Users\DELL100030173\.stmcufinder\plugins\mcufinder/ => C:\Users\DELL100030173\.stmcufinder\plugins\mcufinder
2020-11-14 15:52:31,966 [INFO] DbMcusJson:61 - Set database path to: C:\Users\DELL100030173\.stmcufinder\plugins\mcufinder//mcu/
2020-11-14 15:52:31,967 [WARN] DbFile:36 - Overriding database path with different value: C:\Users\DELL100030173\.stmcufinder\plugins\mcufinder/ => C:\Users\DELL100030173\.stmcufinder\plugins\mcufinder
2020-11-14 15:52:31,967 [INFO] DbBoardsDocs:97 - Set database path to: C:\Users\DELL100030173\.stmcufinder\plugins\mcufinder//mcu/
2020-11-14 15:52:31,967 [WARN] DbFile:36 - Overriding database path with different value: C:\Users\DELL100030173\.stmcufinder\plugins\mcufinder/ => C:\Users\DELL100030173\.stmcufinder\plugins\mcufinder
2020-11-14 15:52:31,967 [INFO] DbBoardsJson:51 - Set database path to: C:\Users\DELL100030173\.stmcufinder\plugins\mcufinder//mcu/
2020-11-14 15:52:31,967 [WARN] DbFile:36 - Overriding database path with different value: C:\Users\DELL100030173\.stmcufinder\plugins\mcufinder/ => C:\Users\DELL100030173\.stmcufinder\plugins\mcufinder
2020-11-14 15:52:31,967 [WARN] DbFile:36 - Overriding database path with different value: C:\Users\DELL100030173\.stmcufinder\plugins\mcufinder/ => C:\Users\DELL100030173\.stmcufinder\plugins\mcufinder
2020-11-14 15:52:31,967 [INFO] CrossReferenceDbSqlite:197 - Set database path to: C:\Users\DELL100030173\.stmcufinder\plugins\mcufinder//mcu/cs/
2020-11-14 15:52:31,990 [INFO] ApplicationProperties:181 - Using Application install path: D:\Program Files\STM32CubeIDE_1.3.0\STM32CubeIDE\plugins\com.st.stm32cube.common.mx_5.6.0.202002181639
2020-11-14 15:52:31,992 [INFO] PluginManage:178 - Search for loadable plugins [exclusion list=, tutovideos]
2020-11-14 15:52:31,994 [INFO] PluginManage:292 - Check plugin analytics
2020-11-14 15:52:32,001 [INFO] PluginManage:342 - Loaded plugin analytics (category:tool,tabindex:-1)
2020-11-14 15:52:32,002 [INFO] PluginManage:292 - Check plugin clock
2020-11-14 15:52:32,016 [INFO] PluginManage:342 - Loaded plugin clock (category:base,tabindex:2)
2020-11-14 15:52:32,017 [INFO] PluginManage:292 - Check plugin ddr
2020-11-14 15:52:32,021 [INFO] PluginManage:342 - Loaded plugin ddr (category:tool,tabindex:6)
2020-11-14 15:52:32,021 [INFO] PluginManage:292 - Check plugin filemanager
2020-11-14 15:52:32,165 [INFO] PluginManage:342 - Loaded plugin filemanager (category:base,tabindex:10)
2020-11-14 15:52:32,166 [INFO] PluginManage:292 - Check plugin ipmanager
2020-11-14 15:52:32,185 [INFO] PluginManage:342 - Loaded plugin ipmanager (category:base,tabindex:5)
2020-11-14 15:52:32,185 [INFO] PluginManage:292 - Check plugin pinoutandconfiguration
2020-11-14 15:52:32,196 [INFO] PluginManage:342 - Loaded plugin pinoutandconfiguration (category:base,tabindex:1)
2020-11-14 15:52:32,196 [INFO] PluginManage:292 - Check plugin pinoutconfig
2020-11-14 15:52:32,230 [INFO] PluginManage:342 - Loaded plugin pinoutconfig (category:base,tabindex:0)
2020-11-14 15:52:32,230 [INFO] PluginManage:292 - Check plugin power
2020-11-14 15:52:32,240 [INFO] PluginManage:342 - Loaded plugin power (category:power,tabindex:4)
2020-11-14 15:52:32,240 [INFO] PluginManage:292 - Check plugin projectmanager
2020-11-14 15:52:32,255 [INFO] PluginManage:342 - Loaded plugin projectmanager (category:projectmanager,tabindex:3)
2020-11-14 15:52:32,256 [INFO] PluginManage:292 - Check plugin thirdparty
2020-11-14 15:52:32,307 [INFO] ThirdPartyDb:295 - Open Third Party DataBase File (C:/Users/DELL100030173/.stm32cubemx/plugins/thirdparty/db/thirdparties_db.xml) : 15 ms. number of Sw pack : 17
2020-11-14 15:52:32,335 [INFO] PluginManage:342 - Loaded plugin thirdparty (category:base,tabindex:-1)
2020-11-14 15:52:32,335 [INFO] PluginManage:292 - Check plugin tools
2020-11-14 15:52:32,339 [INFO] PluginManage:342 - Loaded plugin tools (category:base,tabindex:7)
2020-11-14 15:52:32,339 [INFO] PluginManage:292 - Check plugin tutovideos
2020-11-14 15:52:32,341 [INFO] PluginManage:347 - Ignore plugin tutovideos (category:base)
2020-11-14 15:52:32,341 [INFO] PluginManage:292 - Check plugin updater
2020-11-14 15:52:32,353 [INFO] PluginManage:342 - Loaded plugin updater (category:base,tabindex:12)
2020-11-14 15:52:32,353 [INFO] PluginManage:265 - PluginManage : Loaded plugins [12]
2020-11-14 15:52:32,592 [INFO] PinOutPanel:1420 - setPackage(No Configuration,No Configuration)
2020-11-14 15:52:32,744 [INFO] IPUIPlugin:65 - create IPUIPlugin
2020-11-14 15:52:32,745 [INFO] PluginManager:200 - loadIPPluginJar : add adc
2020-11-14 15:52:32,749 [INFO] IPUIPlugin:65 - create IPUIPlugin
2020-11-14 15:52:32,749 [INFO] PluginManager:200 - loadIPPluginJar : add aes
2020-11-14 15:52:32,753 [INFO] IPUIPlugin:65 - create IPUIPlugin
2020-11-14 15:52:32,753 [INFO] PluginManager:200 - loadIPPluginJar : add can
2020-11-14 15:52:32,756 [INFO] IPUIPlugin:65 - create IPUIPlugin
2020-11-14 15:52:32,757 [INFO] PluginManager:200 - loadIPPluginJar : add comp
2020-11-14 15:52:32,761 [INFO] IPUIPlugin:65 - create IPUIPlugin
2020-11-14 15:52:32,761 [INFO] PluginManager:200 - loadIPPluginJar : add cryp
2020-11-14 15:52:32,765 [INFO] IPUIPlugin:65 - create IPUIPlugin
2020-11-14 15:52:32,765 [INFO] PluginManager:200 - loadIPPluginJar : add dfsdm
2020-11-14 15:52:32,771 [INFO] IPUIPlugin:65 - create IPUIPlugin
2020-11-14 15:52:32,772 [INFO] PluginManager:200 - loadIPPluginJar : add dma
2020-11-14 15:52:32,775 [INFO] IPUIPlugin:65 - create IPUIPlugin
2020-11-14 15:52:32,776 [INFO] PluginManager:200 - loadIPPluginJar : add fatfs
2020-11-14 15:52:32,781 [INFO] IPUIPlugin:65 - create IPUIPlugin
2020-11-14 15:52:32,782 [INFO] PluginManager:200 - loadIPPluginJar : add fmc
2020-11-14 15:52:32,789 [INFO] IPUIPlugin:65 - create IPUIPlugin
2020-11-14 15:52:32,790 [INFO] PluginManager:200 - loadIPPluginJar : add freertos
2020-11-14 15:52:32,793 [INFO] IPUIPlugin:65 - create IPUIPlugin
2020-11-14 15:52:32,793 [INFO] PluginManager:200 - loadIPPluginJar : add genericplugin
2020-11-14 15:52:32,796 [INFO] IPUIPlugin:65 - create IPUIPlugin
2020-11-14 15:52:32,797 [INFO] PluginManager:200 - loadIPPluginJar : add gfxmmu
2020-11-14 15:52:32,804 [INFO] IPUIPlugin:65 - create IPUIPlugin
2020-11-14 15:52:32,804 [INFO] PluginManager:200 - loadIPPluginJar : add gic
2020-11-14 15:52:32,810 [INFO] IPUIPlugin:65 - create IPUIPlugin
2020-11-14 15:52:32,810 [INFO] PluginManager:200 - loadIPPluginJar : add gpio
2020-11-14 15:52:32,813 [INFO] IPUIPlugin:65 - create IPUIPlugin
2020-11-14 15:52:32,813 [INFO] PluginManager:200 - loadIPPluginJar : add gtzc
2020-11-14 15:52:32,817 [INFO] IPUIPlugin:65 - create IPUIPlugin
2020-11-14 15:52:32,817 [INFO] PluginManager:200 - loadIPPluginJar : add hash
2020-11-14 15:52:32,822 [INFO] IPUIPlugin:65 - create IPUIPlugin
2020-11-14 15:52:32,822 [INFO] PluginManager:200 - loadIPPluginJar : add i2c
2020-11-14 15:52:32,826 [INFO] IPUIPlugin:65 - create IPUIPlugin
2020-11-14 15:52:32,826 [INFO] PluginManager:200 - loadIPPluginJar : add i2s
2020-11-14 15:52:32,831 [INFO] IPUIPlugin:65 - create IPUIPlugin
2020-11-14 15:52:32,831 [INFO] PluginManager:200 - loadIPPluginJar : add ipddr
2020-11-14 15:52:32,834 [INFO] IPUIPlugin:65 - create IPUIPlugin
2020-11-14 15:52:32,834 [INFO] PluginManager:200 - loadIPPluginJar : add ltdc
2020-11-14 15:52:32,839 [INFO] IPUIPlugin:65 - create IPUIPlugin
2020-11-14 15:52:32,840 [INFO] PluginManager:200 - loadIPPluginJar : add mdma
2020-11-14 15:52:32,845 [INFO] IPUIPlugin:65 - create IPUIPlugin
2020-11-14 15:52:32,845 [INFO] PluginManager:200 - loadIPPluginJar : add nvic
2020-11-14 15:52:32,849 [INFO] IPUIPlugin:65 - create IPUIPlugin
2020-11-14 15:52:32,849 [INFO] PluginManager:200 - loadIPPluginJar : add opamp
2020-11-14 15:52:32,853 [INFO] IPUIPlugin:65 - create IPUIPlugin
2020-11-14 15:52:32,854 [INFO] PluginManager:200 - loadIPPluginJar : add pdm2pcm
2020-11-14 15:52:32,862 [INFO] IPUIPlugin:65 - create IPUIPlugin
2020-11-14 15:52:32,865 [INFO] PluginManager:200 - loadIPPluginJar : add plateformsettings
2020-11-14 15:52:32,867 [INFO] IPUIPlugin:65 - create IPUIPlugin
2020-11-14 15:52:32,868 [INFO] PluginManager:200 - loadIPPluginJar : add quadspi
2020-11-14 15:52:32,872 [INFO] IPUIPlugin:65 - create IPUIPlugin
2020-11-14 15:52:32,873 [INFO] PluginManager:200 - loadIPPluginJar : add resmgrutility
2020-11-14 15:52:32,876 [INFO] IPUIPlugin:65 - create IPUIPlugin
2020-11-14 15:52:32,877 [INFO] PluginManager:200 - loadIPPluginJar : add sai
2020-11-14 15:52:32,880 [INFO] IPUIPlugin:65 - create IPUIPlugin
2020-11-14 15:52:32,880 [INFO] PluginManager:200 - loadIPPluginJar : add spi
2020-11-14 15:52:32,884 [INFO] IPUIPlugin:65 - create IPUIPlugin
2020-11-14 15:52:32,885 [INFO] PluginManager:200 - loadIPPluginJar : add stm32_wpan
2020-11-14 15:52:32,888 [INFO] IPUIPlugin:65 - create IPUIPlugin
2020-11-14 15:52:32,888 [INFO] PluginManager:200 - loadIPPluginJar : add tim
2020-11-14 15:52:32,892 [INFO] IPUIPlugin:65 - create IPUIPlugin
2020-11-14 15:52:32,893 [INFO] PluginManager:200 - loadIPPluginJar : add touchsensing
2020-11-14 15:52:32,895 [INFO] IPUIPlugin:65 - create IPUIPlugin
2020-11-14 15:52:32,896 [INFO] PluginManager:200 - loadIPPluginJar : add tracer_emb
2020-11-14 15:52:32,898 [INFO] IPUIPlugin:65 - create IPUIPlugin
2020-11-14 15:52:32,899 [INFO] PluginManager:200 - loadIPPluginJar : add ts
2020-11-14 15:52:32,901 [INFO] IPUIPlugin:65 - create IPUIPlugin
2020-11-14 15:52:32,901 [INFO] PluginManager:200 - loadIPPluginJar : add tsc
2020-11-14 15:52:32,904 [INFO] IPUIPlugin:65 - create IPUIPlugin
2020-11-14 15:52:32,905 [INFO] PluginManager:200 - loadIPPluginJar : add ucpd
2020-11-14 15:52:32,908 [INFO] IPUIPlugin:65 - create IPUIPlugin
2020-11-14 15:52:32,908 [INFO] PluginManager:200 - loadIPPluginJar : add usart
2020-11-14 15:52:33,524 [INFO] BoardConnectionPanel:3472 - [DDR PANEL] STM32CubeIDE environment
2020-11-14 15:52:33,525 [INFO] MainDdrPanel:103 - [DDR PANEL] GETTER - cubeProgrammerPath is: null
2020-11-14 15:52:33,750 [FATAL] Updater:277 - Updater called before beeing initialized
2020-11-14 15:52:34,048 [FATAL] Updater:277 - Updater called before beeing initialized
2020-11-14 15:52:34,052 [INFO] PinOutPanel:1420 - setPackage(No Configuration,No Configuration)
2020-11-14 15:52:34,052 [FATAL] Updater:277 - Updater called before beeing initialized
2020-11-14 15:52:34,056 [INFO] BoardConnectionPanel:3472 - [DDR PANEL] STM32CubeIDE environment
2020-11-14 15:52:34,057 [INFO] MainDdrPanel:103 - [DDR PANEL] GETTER - cubeProgrammerPath is: D:\Program Files\STM32CubeIDE_1.3.0\STM32CubeIDE\plugins\com.st.stm32cube.ide.mcu.externaltools.cubeprogrammer.win32_1.3.0.202002181050\tools\bin
2020-11-14 15:52:34,061 [INFO] ProgrammerExecThread:148 - [ProgrammerAPI] CubeProgrammer command construction: D:\Program Files\STM32CubeIDE_1.3.0\STM32CubeIDE\plugins\com.st.stm32cube.ide.mcu.externaltools.cubeprogrammer.win32_1.3.0.202002181050\tools\bin\STM32_Programmer_CLI.exe -l
2020-11-14 15:52:34,278 [INFO] MainDdrPanel:93 - [DDR PANEL] SETTER - Set cubeProgrammerPath to: D:\Program Files\STM32CubeIDE_1.3.0\STM32CubeIDE\plugins\com.st.stm32cube.ide.mcu.externaltools.cubeprogrammer.win32_1.3.0.202002181050\tools\bin
2020-11-14 15:52:34,286 [INFO] Updater:886 - Updater Version found : 5.6.0
2020-11-14 15:52:34,316 [INFO] ApplicationProperties:181 - Using Application install path: D:\Program Files\STM32CubeIDE_1.3.0\STM32CubeIDE\plugins\com.st.stm32cube.common.mx_5.6.0.202002181639
2020-11-14 15:52:34,368 [INFO] MainUpdater:452 - Copy updater definitions from MX database
2020-11-14 15:52:34,512 [INFO] MainUpdater:2230 - connection check result : 10
2020-11-14 15:52:34,513 [INFO] MainUpdater:2874 - Updater definition file requires update
2020-11-14 15:52:34,515 [INFO] MainUpdater:236 - Updater Check For Update Now.
2020-11-14 15:52:34,515 [INFO] MicroXplorer:420 - Change Database Version : DB.5.0.60
2020-11-14 15:52:34,566 [INFO] ServerAccessManage:348 - Download File updaters.zip
2020-11-14 15:52:34,669 [INFO] FileExtend:225 - Unzip File : updaters.zip
2020-11-14 15:52:34,669 [INFO] FileExtend:240 - Standard Zip Deflate
2020-11-14 15:52:35,315 [WARN] MainUpdater:1073 - Updater busy. Cannot search thirdparties
2020-11-14 15:52:36,925 [INFO] ServerAccessManage:348 - Download File PacksControlFlags.xml
2020-11-14 15:52:36,994 [INFO] ServerAccessManage:348 - Download File cubemx.pidx
2020-11-14 15:52:37,114 [INFO] LoadServerUpdatesThread:301 - End of LoadServerUpdate Thread
2020-11-14 15:52:37,162 [INFO] CheckServerUpdateThread:92 - End of CheckServer Thread
2020-11-14 15:52:37,332 [INFO] MainUpdater:2230 - connection check result : 10
2020-11-14 15:52:37,334 [INFO] LogOutputStream:76 - [STDOUT_REDIRECT] Successfull proxy connection.
2020-11-14 15:52:37,567 [INFO] McuFinderGlobals:40 - Set McuFinder mode to 2 (CubeIDE integrated)
2020-11-14 15:52:37,586 [INFO] FinderPluginLoader:86 - Searching for filters in installed packs
2020-11-14 15:52:37,589 [INFO] DbMcusXml:110 - Load MCU database from D:\Program Files\STM32CubeIDE_1.3.0\STM32CubeIDE\plugins\com.st.stm32cube.common.mx_5.6.0.202002181639\\db\/mcu/families.xml
2020-11-14 15:52:38,331 [WARN] ThirdPartyPackRequestProcessor:494 - Cannot remove an integrated pack: STMicroelectronics.lwIP.2.0.3
2020-11-14 15:52:38,332 [INFO] ThirdPartyDb:261 - Close Third Party DataBase File (C:/Users/DELL100030173/.stm32cubemx/plugins/thirdparty/db/thirdparties_db.xml)
2020-11-14 15:52:38,369 [INFO] ThirdPartyDb:295 - Open Third Party DataBase File (C:/Users/DELL100030173/.stm32cubemx/plugins/thirdparty/db/thirdparties_db.xml) : 2 ms. number of Sw pack : 17
2020-11-14 15:52:38,369 [WARN] ThirdPartyPackRequestProcessor:494 - Cannot remove an integrated pack: STMicroelectronics.lwIP.2.1.2
2020-11-14 15:52:38,369 [INFO] ThirdPartyDb:261 - Close Third Party DataBase File (C:/Users/DELL100030173/.stm32cubemx/plugins/thirdparty/db/thirdparties_db.xml)
2020-11-14 15:52:38,398 [INFO] ThirdPartyDb:295 - Open Third Party DataBase File (C:/Users/DELL100030173/.stm32cubemx/plugins/thirdparty/db/thirdparties_db.xml) : 3 ms. number of Sw pack : 17
2020-11-14 15:52:38,399 [WARN] ThirdPartyPackRequestProcessor:494 - Cannot remove an integrated pack: STMicroelectronics.MBEDTLS.2.14.1
2020-11-14 15:52:38,399 [INFO] ThirdPartyDb:261 - Close Third Party DataBase File (C:/Users/DELL100030173/.stm32cubemx/plugins/thirdparty/db/thirdparties_db.xml)
2020-11-14 15:52:38,427 [INFO] ThirdPartyDb:295 - Open Third Party DataBase File (C:/Users/DELL100030173/.stm32cubemx/plugins/thirdparty/db/thirdparties_db.xml) : 2 ms. number of Sw pack : 17
2020-11-14 15:52:38,427 [WARN] ThirdPartyPackRequestProcessor:494 - Cannot remove an integrated pack: STMicroelectronics.MBEDTLS.2.16.2
2020-11-14 15:52:38,427 [INFO] ThirdPartyDb:261 - Close Third Party DataBase File (C:/Users/DELL100030173/.stm32cubemx/plugins/thirdparty/db/thirdparties_db.xml)
2020-11-14 15:52:38,454 [INFO] ThirdPartyDb:295 - Open Third Party DataBase File (C:/Users/DELL100030173/.stm32cubemx/plugins/thirdparty/db/thirdparties_db.xml) : 2 ms. number of Sw pack : 17
2020-11-14 15:52:38,454 [WARN] ThirdPartyPackRequestProcessor:494 - Cannot remove an integrated pack: STMicroelectronics.PDM2PCM.3.1.0
2020-11-14 15:52:38,454 [INFO] ThirdPartyDb:261 - Close Third Party DataBase File (C:/Users/DELL100030173/.stm32cubemx/plugins/thirdparty/db/thirdparties_db.xml)
2020-11-14 15:52:38,484 [INFO] ThirdPartyDb:295 - Open Third Party DataBase File (C:/Users/DELL100030173/.stm32cubemx/plugins/thirdparty/db/thirdparties_db.xml) : 3 ms. number of Sw pack : 17
2020-11-14 15:52:38,485 [WARN] ThirdPartyPackRequestProcessor:494 - Cannot remove an integrated pack: STMicroelectronics.PDM2PCM.3.2.0
2020-11-14 15:52:38,485 [INFO] ThirdPartyDb:261 - Close Third Party DataBase File (C:/Users/DELL100030173/.stm32cubemx/plugins/thirdparty/db/thirdparties_db.xml)
2020-11-14 15:52:38,507 [INFO] ThirdPartyDb:295 - Open Third Party DataBase File (C:/Users/DELL100030173/.stm32cubemx/plugins/thirdparty/db/thirdparties_db.xml) : 1 ms. number of Sw pack : 17
2020-11-14 15:52:38,508 [WARN] ThirdPartyPackRequestProcessor:494 - Cannot remove an integrated pack: STMicroelectronics.PDM2PCM.3.3.0
2020-11-14 15:52:38,508 [INFO] ThirdPartyDb:261 - Close Third Party DataBase File (C:/Users/DELL100030173/.stm32cubemx/plugins/thirdparty/db/thirdparties_db.xml)
2020-11-14 15:52:38,534 [INFO] ThirdPartyDb:295 - Open Third Party DataBase File (C:/Users/DELL100030173/.stm32cubemx/plugins/thirdparty/db/thirdparties_db.xml) : 1 ms. number of Sw pack : 17
2020-11-14 15:52:38,535 [WARN] ThirdPartyPackRequestProcessor:494 - Cannot remove an integrated pack: STMicroelectronics.USB_DEVICE.1.0.0
2020-11-14 15:52:38,535 [INFO] ThirdPartyDb:261 - Close Third Party DataBase File (C:/Users/DELL100030173/.stm32cubemx/plugins/thirdparty/db/thirdparties_db.xml)
2020-11-14 15:52:38,561 [INFO] ThirdPartyDb:295 - Open Third Party DataBase File (C:/Users/DELL100030173/.stm32cubemx/plugins/thirdparty/db/thirdparties_db.xml) : 3 ms. number of Sw pack : 17
2020-11-14 15:52:38,561 [WARN] ThirdPartyPackRequestProcessor:494 - Cannot remove an integrated pack: STMicroelectronics.USB_DEVICE.2.0.0
2020-11-14 15:52:38,561 [INFO] ThirdPartyDb:261 - Close Third Party DataBase File (C:/Users/DELL100030173/.stm32cubemx/plugins/thirdparty/db/thirdparties_db.xml)
2020-11-14 15:52:38,574 [INFO] DbMcusJson:90 - JSON generation date=Fri Nov 06 00:05:07 CST 2020 (1604592307)
2020-11-14 15:52:38,584 [INFO] ThirdPartyDb:295 - Open Third Party DataBase File (C:/Users/DELL100030173/.stm32cubemx/plugins/thirdparty/db/thirdparties_db.xml) : 1 ms. number of Sw pack : 17
2020-11-14 15:52:38,585 [WARN] ThirdPartyPackRequestProcessor:494 - Cannot remove an integrated pack: STMicroelectronics.USB_DEVICE.3.0.0
2020-11-14 15:52:38,585 [INFO] ThirdPartyDb:261 - Close Third Party DataBase File (C:/Users/DELL100030173/.stm32cubemx/plugins/thirdparty/db/thirdparties_db.xml)
2020-11-14 15:52:38,615 [INFO] ThirdPartyDb:295 - Open Third Party DataBase File (C:/Users/DELL100030173/.stm32cubemx/plugins/thirdparty/db/thirdparties_db.xml) : 2 ms. number of Sw pack : 17
2020-11-14 15:52:38,615 [WARN] ThirdPartyPackRequestProcessor:494 - Cannot remove an integrated pack: STMicroelectronics.USB_HOST.1.0.0
2020-11-14 15:52:38,615 [INFO] ThirdPartyDb:261 - Close Third Party DataBase File (C:/Users/DELL100030173/.stm32cubemx/plugins/thirdparty/db/thirdparties_db.xml)
2020-11-14 15:52:38,648 [INFO] ThirdPartyDb:295 - Open Third Party DataBase File (C:/Users/DELL100030173/.stm32cubemx/plugins/thirdparty/db/thirdparties_db.xml) : 3 ms. number of Sw pack : 17
2020-11-14 15:52:38,648 [WARN] ThirdPartyPackRequestProcessor:494 - Cannot remove an integrated pack: STMicroelectronics.USB_HOST.2.0.0
2020-11-14 15:52:38,648 [INFO] ThirdPartyDb:261 - Close Third Party DataBase File (C:/Users/DELL100030173/.stm32cubemx/plugins/thirdparty/db/thirdparties_db.xml)
2020-11-14 15:52:38,678 [INFO] ThirdPartyDb:295 - Open Third Party DataBase File (C:/Users/DELL100030173/.stm32cubemx/plugins/thirdparty/db/thirdparties_db.xml) : 1 ms. number of Sw pack : 17
2020-11-14 15:52:38,691 [INFO] ThirdPartyDb:261 - Close Third Party DataBase File (C:/Users/DELL100030173/.stm32cubemx/plugins/thirdparty/db/thirdparties_db.xml)
2020-11-14 15:52:38,713 [INFO] IntegrityCheckThread:98 - End integrity checks thread
2020-11-14 15:52:40,068 [INFO] DbMcus:171 - Found 1670 MCUs (1625 are supported by CubeMX, 1625 are visible in CubeMX)
2020-11-14 15:52:40,069 [INFO] ApiDb:147 - User favorites file not found: C:\Users\DELL100030173/.stm32cubeide/favorites.mcus.txt
2020-11-14 15:52:40,069 [INFO] DbMcus:183 - Set 0 / 0 favorites MCUs
2020-11-14 15:52:41,492 [INFO] DbMcusAds:143 - JSON generation date=Thu Apr 30 21:50:56 CST 2020 (1588254656)
2020-11-14 15:52:41,495 [INFO] LoadUrlFilesThread:161 - End of LoadServerUrlFiles without Thread
2020-11-14 15:52:41,528 [INFO] McuDetailPanel:181 - Set advertising image to C:/Users/DELL100030173/STM32Cube/Repository/\PR_STM32Cube_GitHub_0320_V1.png
2020-11-14 15:52:42,564 [INFO] McuFilterPanel:249 - Update 0 favorites MCUs
2020-11-14 15:52:42,901 [INFO] DbBoardsPdsc:92 - Found 22 items
2020-11-14 15:52:42,904 [INFO] DbBoardsPdsc:92 - Found 9 items
2020-11-14 15:52:42,909 [INFO] DbBoardsPdsc:92 - Found 28 items
2020-11-14 15:52:42,913 [INFO] DbBoardsPdsc:92 - Found 1 items
2020-11-14 15:52:42,923 [INFO] DbBoardsPdsc:92 - Found 40 items
2020-11-14 15:52:42,934 [INFO] DbBoardsPdsc:92 - Found 39 items
2020-11-14 15:52:42,937 [INFO] DbBoardsPdsc:92 - Found 2 items
2020-11-14 15:52:42,943 [INFO] DbBoardsPdsc:92 - Found 4 items
2020-11-14 15:52:42,951 [WARN] DbBoardsPdsc:256 - Board STM32H7B3I-DK: unknown feature type=Audio, name=, username=Audio stereo codec with Headphone Amp (CS42L51-CNZ), n=1
2020-11-14 15:52:42,952 [WARN] DbBoardsPdsc:256 - Board STM32H7B3I-DK: unknown feature type=WIFI, name=, username=WIFI 802.11 b/g/n, n=1
2020-11-14 15:52:42,955 [WARN] DbBoardsPdsc:256 - Board STM32H7B3I-EVAL: unknown feature type=Audio, name=, username=Multi-Channel Audio Codec (CS42L51-CNZ), n=1
2020-11-14 15:52:42,955 [WARN] DbBoardsPdsc:256 - Board STM32H7B3I-EVAL: unknown feature type=Meter, name=, username=Power-metering and Temperature-monitoring with sigma-delta modulators, n=1
2020-11-14 15:52:42,955 [WARN] DbBoardsPdsc:256 - Board STM32H7B3I-EVAL: unknown feature type=WIFI, name=, username=WIFI 802.11 a/b/g/n, n=1
2020-11-14 15:52:42,956 [WARN] DbBoardsPdsc:256 - Board STM32H7B3I-EVAL: unknown feature type=Motor, name=, username=Motor Control, n=1
2020-11-14 15:52:43,033 [INFO] DbBoardsJson:80 - JSON generation date=Thu Nov 05 22:55:26 CST 2020 (1604588126)
2020-11-14 15:52:43,050 [INFO] DbBoards:120 - Found 148 boards (142 are supported by CubeMX)
2020-11-14 15:52:43,084 [INFO] DbBoardsDocs:131 - JSON generation date=Fri Nov 06 00:05:07 CST 2020 (1604592307)
2020-11-14 15:52:43,116 [INFO] DbBoardsDocs:70 - Found 190 boards documents
2020-11-14 15:52:43,118 [WARN] DbBoards:130 - board NUCLEO-H743ZI2 has no document id list !
2020-11-14 15:52:43,120 [WARN] DbBoards:130 - board P-NUCLEO-WB55-Nucleo has no document id list !
2020-11-14 15:52:43,121 [WARN] DbBoards:130 - board P-NUCLEO-WB55-USBDongle has no document id list !
2020-11-14 15:52:43,121 [WARN] DbBoards:130 - board NUCLEO-WB35CE has no document id list !
2020-11-14 15:52:43,121 [WARN] DbBoards:130 - board STM32F401C-DISCO has no document id list !
2020-11-14 15:52:43,122 [WARN] DbBoards:130 - board STM32F769I-DISC1 has no document id list !
2020-11-14 15:52:43,123 [WARN] DbBoards:130 - board STM32L-DISCOVERY has no document id list !
2020-11-14 15:52:43,124 [WARN] DbBoards:130 - board STM32H747I-DISC1 has no document id list !
2020-11-14 15:52:43,125 [WARN] DbBoards:130 - board STM32MP157A-DK1 has no document id list !
2020-11-14 15:52:43,126 [WARN] DbBoards:130 - board STM32H743I-EVAL2 has no document id list !
2020-11-14 15:52:43,126 [WARN] DbBoards:130 - board STM32H753I-EVAL2 has no document id list !
2020-11-14 15:52:43,127 [WARN] DbBoards:130 - board STM32G474E-EVAL1 has no document id list !
2020-11-14 15:52:43,127 [WARN] DbBoards:130 - board STEVAL-BFA001V1B has no document id list !
2020-11-14 15:52:43,128 [WARN] DbBoards:130 - board STEVAL-BFA001V2B has no document id list !
2020-11-14 15:52:43,128 [WARN] DbBoards:130 - board STEVAL-MKSBOX1V1 has no document id list !
2020-11-14 15:52:43,128 [WARN] DbBoards:130 - board STEVAL-STWINKT1 has no document id list !
2020-11-14 15:52:43,128 [WARN] DbBoards:130 - board STEVAL-IDP005V1 has no document id list !
2020-11-14 15:52:43,128 [WARN] DbBoards:130 - board STEVAL-IDP005V2 has no document id list !
2020-11-14 15:52:45,708 [ERROR] DbBoards:192 - Image file not found for board B-L4S5I-IOT01A: D:\Program Files\STM32CubeIDE_1.3.0\STM32CubeIDE\plugins\com.st.stm32cube.common.mx_5.6.0.202002181639\\db\/plugins/mcufinder/images/boards/B-L4S5I-IOT01A_small.jpg
2020-11-14 15:52:45,709 [ERROR] DbBoards:192 - Image file not found for board STM32H735G-DK: D:\Program Files\STM32CubeIDE_1.3.0\STM32CubeIDE\plugins\com.st.stm32cube.common.mx_5.6.0.202002181639\\db\/plugins/mcufinder/images/boards/STM32H735G_DK_small.jpg
2020-11-14 15:52:45,709 [INFO] ApiDb:147 - User favorites file not found: C:\Users\DELL100030173/.stm32cubeide/favorites.boards.txt
2020-11-14 15:52:45,710 [INFO] DbBoards:209 - Set 0 / 0 favorites Boards
2020-11-14 15:52:45,925 [INFO] LoadUrlFilesThread:161 - End of LoadServerUrlFiles without Thread
2020-11-14 15:52:45,925 [INFO] BoardDetailPanel:180 - Set advertising image to C:/Users/DELL100030173/STM32Cube/Repository/\PR_STM32Cube_GitHub_0320_V1.png
2020-11-14 15:52:45,969 [INFO] BoardFilterPanel:211 - Update 0 favorites Boards
2020-11-14 15:52:46,129 [INFO] CrossSelectorPresenter:1319 - Cross Selector saved comparison directory: C:\Users\DELL100030173\.stmcufinder\plugins\mcufinder\mcu\cs_comparisons_mx
2020-11-14 15:53:27,221 [INFO] DbMcusDocs:142 - JSON generation date=Fri Nov 06 00:05:07 CST 2020 (1604592307)
2020-11-14 15:53:27,389 [INFO] DbMcusDocs:77 - Found 601 MCUs documents
2020-11-14 15:54:34,294 [INFO] LogOutputStream:76 - [STDOUT_REDIRECT] withoutVersionV1.25.2
2020-11-14 15:54:34,295 [INFO] LogOutputStream:76 - [STDOUT_REDIRECT] withoutVersionV1.25.1
2020-11-14 15:54:34,295 [INFO] LogOutputStream:76 - [STDOUT_REDIRECT] withoutVersionV1.25.0
2020-11-14 15:54:36,713 [INFO] LogOutputStream:76 - [STDOUT_REDIRECT] File copied successfully!!
2020-11-14 15:54:40,659 [INFO] MainUpdater:2230 - connection check result : 10
2020-11-14 15:54:40,727 [INFO] MicroXplorer:390 - Change Database Path : 
2020-11-14 15:54:40,727 [INFO] MicroXplorer:420 - Change Database Version : DB.5.0.60
2020-11-14 15:54:40,730 [INFO] PinOutPanel:1420 - setPackage(No Configuration,No Configuration)
2020-11-14 15:54:40,731 [INFO] UtilMem:74 - Begin LoadConfig() Used Memory: 531660264 Bytes (747634688)
2020-11-14 15:54:40,732 [INFO] MicroXplorer:390 - Change Database Path : 
2020-11-14 15:54:40,732 [INFO] MicroXplorer:420 - Change Database Version : DB.5.0.60
2020-11-14 15:54:40,732 [INFO] OpenFileManager:274 - Change cursor
2020-11-14 15:54:43,874 [INFO] ImportTextPane:162 - (OptionalMessage_ERROR) Unable to find key (Mcu.ThirdPartyNb) in loaded IOC file
2020-11-14 15:54:43,874 [INFO] ImportTextPane:162 - (OptionalMessage_ERROR) Unable to find key (Mcu.PinsNb) in loaded IOC file
2020-11-14 15:54:43,874 [INFO] ImportTextPane:162 - (OptionalMessage_ERROR) Unable to find key (Mcu.IPNb) in loaded IOC file
2020-11-14 15:54:44,444 [INFO] UtilMem:74 - End LoadConfig() Used Memory: 591267824 Bytes (747634688)
2020-11-14 15:54:44,449 [INFO] ThirdPartyDb:295 - Open Third Party DataBase File (C:/Users/DELL100030173/.stm32cubemx/plugins/thirdparty/db/thirdparties_db.xml) : 2 ms. number of Sw pack : 17
2020-11-14 15:54:44,471 [WARN] ModelIntegratedComponent:176 - Modes not found for component 1604569205906
2020-11-14 15:54:44,473 [WARN] ModelIntegratedComponent:176 - Modes not found for component 1604569205824
2020-11-14 15:54:44,474 [WARN] ModelIntegratedComponent:176 - Modes not found for component 1604569205866
2020-11-14 15:54:44,477 [WARN] ModelIntegratedComponent:176 - Modes not found for component 1604569205880
2020-11-14 15:54:44,479 [WARN] ModelIntegratedComponent:176 - Modes not found for component 1604569205852
2020-11-14 15:54:44,485 [INFO] ThirdParty:899 - CMSIS Pack Vendor :STMicroelectronics USB_HOST 2.0.0
2020-11-14 15:54:44,485 [INFO] ThirdParty:899 - CMSIS Pack Vendor :STMicroelectronics FreeRTOS 0.0.1
2020-11-14 15:54:44,485 [INFO] ThirdParty:899 - CMSIS Pack Vendor :STMicroelectronics USB_DEVICE 1.0.0
2020-11-14 15:54:44,485 [INFO] ThirdParty:899 - CMSIS Pack Vendor :STMicroelectronics USB_DEVICE 3.0.0
2020-11-14 15:54:44,485 [INFO] ThirdParty:899 - CMSIS Pack Vendor :STMicroelectronics MBEDTLS 2.16.2
2020-11-14 15:54:44,485 [INFO] ThirdParty:899 - CMSIS Pack Vendor :STMicroelectronics X-CUBE-BLE1 6.0.0
2020-11-14 15:54:44,485 [INFO] ThirdParty:899 - CMSIS Pack Vendor :STMicroelectronics lwIP 2.0.3
2020-11-14 15:54:44,485 [INFO] ThirdParty:899 - CMSIS Pack Vendor :STMicroelectronics lwIP 2.1.2
2020-11-14 15:54:44,485 [INFO] ThirdParty:899 - CMSIS Pack Vendor :STMicroelectronics MBEDTLS 2.14.1
2020-11-14 15:54:44,486 [INFO] ThirdParty:899 - CMSIS Pack Vendor :STMicroelectronics USB_HOST 1.0.0
2020-11-14 15:54:44,486 [INFO] ThirdParty:899 - CMSIS Pack Vendor :STMicroelectronics X-CUBE-AI 5.2.0
2020-11-14 15:54:44,486 [INFO] ThirdParty:899 - CMSIS Pack Vendor :STMicroelectronics X-CUBE-BLE2 3.0.0
2020-11-14 15:54:44,486 [INFO] ThirdParty:899 - CMSIS Pack Vendor :STMicroelectronics PDM2PCM 3.1.0
2020-11-14 15:54:44,486 [INFO] ThirdParty:899 - CMSIS Pack Vendor :STMicroelectronics PDM2PCM 3.2.0
2020-11-14 15:54:44,486 [INFO] ThirdParty:899 - CMSIS Pack Vendor :STMicroelectronics USB_DEVICE 2.0.0
2020-11-14 15:54:44,486 [INFO] ThirdParty:899 - CMSIS Pack Vendor :STMicroelectronics PDM2PCM 3.3.0
2020-11-14 15:54:44,872 [INFO] PinOutPanel:1420 - setPackage(No Configuration,No Configuration)
2020-11-14 15:54:44,874 [INFO] PinOutPanel:1420 - setPackage(STM32F407ZETx,LQFP144)
2020-11-14 15:54:45,420 [INFO] UtilMem:74 - Before build in PCC Used Memory: 470247552 Bytes (747634688)
2020-11-14 15:54:45,995 [INFO] SharedServices:71 - Folder for power plug-in: C:/Users/DELL100030173/.stm32cubemx/plugins/power
2020-11-14 15:54:46,065 [INFO] SharedServices:71 - Folder for power plug-in: C:/Users/DELL100030173/.stm32cubemx/plugins/power
2020-11-14 15:54:46,134 [INFO] SharedServices:71 - Folder for power plug-in: C:/Users/DELL100030173/.stm32cubemx/plugins/power
2020-11-14 15:54:46,143 [INFO] SharedServices:71 - Folder for power plug-in: C:/Users/DELL100030173/.stm32cubemx/plugins/power
2020-11-14 15:54:46,423 [INFO] UtilMem:74 - After build in PCC Used Memory: 530016384 Bytes (747634688)
2020-11-14 15:54:46,446 [INFO] IPUIPlugin:65 - create IPUIPlugin
2020-11-14 15:54:46,446 [INFO] IPUIPlugin:65 - create IPUIPlugin
2020-11-14 15:54:46,446 [INFO] IPUIPlugin:65 - create IPUIPlugin
2020-11-14 15:54:46,446 [INFO] IPUIPlugin:65 - create IPUIPlugin
2020-11-14 15:54:46,447 [INFO] IPUIPlugin:65 - create IPUIPlugin
2020-11-14 15:54:46,447 [INFO] IPUIPlugin:65 - create IPUIPlugin
2020-11-14 15:54:46,447 [INFO] IPUIPlugin:65 - create IPUIPlugin
2020-11-14 15:54:46,448 [INFO] IPUIPlugin:65 - create IPUIPlugin
2020-11-14 15:54:46,448 [INFO] IPUIPlugin:65 - create IPUIPlugin
2020-11-14 15:54:46,448 [INFO] IPUIPlugin:65 - create IPUIPlugin
2020-11-14 15:54:46,449 [INFO] IPUIPlugin:65 - create IPUIPlugin
2020-11-14 15:54:46,449 [INFO] IPUIPlugin:65 - create IPUIPlugin
2020-11-14 15:54:46,449 [INFO] IPUIPlugin:65 - create IPUIPlugin
2020-11-14 15:54:46,449 [INFO] IPUIPlugin:65 - create IPUIPlugin
2020-11-14 15:54:46,450 [INFO] IPUIPlugin:65 - create IPUIPlugin
2020-11-14 15:54:46,450 [INFO] IPUIPlugin:65 - create IPUIPlugin
2020-11-14 15:54:46,450 [INFO] IPUIPlugin:65 - create IPUIPlugin
2020-11-14 15:54:46,450 [INFO] IPUIPlugin:65 - create IPUIPlugin
2020-11-14 15:54:46,450 [INFO] IPUIPlugin:65 - create IPUIPlugin
2020-11-14 15:54:46,450 [INFO] IPUIPlugin:65 - create IPUIPlugin
2020-11-14 15:54:46,451 [INFO] IPUIPlugin:65 - create IPUIPlugin
2020-11-14 15:54:46,451 [INFO] IPUIPlugin:65 - create IPUIPlugin
2020-11-14 15:54:46,451 [INFO] IPUIPlugin:65 - create IPUIPlugin
2020-11-14 15:54:46,451 [INFO] IPUIPlugin:65 - create IPUIPlugin
2020-11-14 15:54:46,451 [INFO] IPUIPlugin:65 - create IPUIPlugin
2020-11-14 15:54:46,451 [INFO] IPUIPlugin:65 - create IPUIPlugin
2020-11-14 15:54:46,451 [INFO] IPUIPlugin:65 - create IPUIPlugin
2020-11-14 15:54:46,452 [INFO] IPUIPlugin:65 - create IPUIPlugin
2020-11-14 15:54:46,452 [INFO] IPUIPlugin:65 - create IPUIPlugin
2020-11-14 15:54:46,452 [INFO] IPUIPlugin:65 - create IPUIPlugin
2020-11-14 15:54:46,453 [INFO] IPUIPlugin:65 - create IPUIPlugin
2020-11-14 15:54:46,453 [INFO] IPUIPlugin:65 - create IPUIPlugin
2020-11-14 15:54:46,453 [INFO] IPUIPlugin:65 - create IPUIPlugin
2020-11-14 15:54:46,453 [INFO] IPUIPlugin:65 - create IPUIPlugin
2020-11-14 15:54:46,453 [INFO] IPUIPlugin:65 - create IPUIPlugin
2020-11-14 15:54:46,453 [INFO] IPUIPlugin:65 - create IPUIPlugin
2020-11-14 15:54:46,454 [INFO] IPUIPlugin:65 - create IPUIPlugin
2020-11-14 15:54:46,454 [INFO] IPUIPlugin:65 - create IPUIPlugin
2020-11-14 15:54:46,454 [INFO] IPUIPlugin:65 - create IPUIPlugin
2020-11-14 15:54:46,454 [INFO] IPUIPlugin:65 - create IPUIPlugin
2020-11-14 15:54:46,454 [INFO] IPUIPlugin:65 - create IPUIPlugin
2020-11-14 15:54:46,454 [INFO] IPUIPlugin:65 - create IPUIPlugin
2020-11-14 15:54:46,455 [INFO] IPUIPlugin:65 - create IPUIPlugin
2020-11-14 15:54:46,455 [INFO] IPUIPlugin:65 - create IPUIPlugin
2020-11-14 15:54:46,455 [INFO] IPUIPlugin:65 - create IPUIPlugin
2020-11-14 15:54:46,455 [INFO] IPUIPlugin:65 - create IPUIPlugin
2020-11-14 15:54:46,456 [INFO] IPUIPlugin:65 - create IPUIPlugin
2020-11-14 15:54:46,456 [INFO] IPUIPlugin:65 - create IPUIPlugin
2020-11-14 15:54:46,456 [INFO] IPUIPlugin:65 - create IPUIPlugin
2020-11-14 15:54:46,457 [INFO] IPUIPlugin:65 - create IPUIPlugin
2020-11-14 15:54:46,457 [INFO] IPUIPlugin:65 - create IPUIPlugin
2020-11-14 15:54:46,458 [INFO] IPUIPlugin:65 - create IPUIPlugin
2020-11-14 15:54:46,458 [INFO] IPUIPlugin:65 - create IPUIPlugin
2020-11-14 15:54:46,458 [INFO] IPUIPlugin:65 - create IPUIPlugin
2020-11-14 15:54:46,459 [INFO] IPUIPlugin:65 - create IPUIPlugin
2020-11-14 15:54:46,460 [INFO] IPUIPlugin:65 - create IPUIPlugin
2020-11-14 15:54:46,460 [INFO] IPUIPlugin:65 - create IPUIPlugin
2020-11-14 15:54:46,460 [INFO] IPUIPlugin:65 - create IPUIPlugin
2020-11-14 15:54:46,507 [INFO] LogOutputStream:76 - [STDOUT_REDIRECT] toolchainItems.length=====1
2020-11-14 15:54:46,633 [INFO] OpenFileManager:294 - Restore cursor
2020-11-14 15:54:47,137 [INFO] UtilMem:74 - End SaveConfig() Used Memory: 646054288 Bytes (747634688)
2020-11-14 15:54:47,252 [INFO] UtilMem:74 - End SaveConfig() Used Memory: 469547800 Bytes (747634688)
2020-11-14 15:54:47,827 [INFO] BlockDiagram:2671 - set Specific Code input for plugin: SYS
2020-11-14 15:54:47,827 [INFO] BlockDiagram:2671 - set Specific Code input for plugin: NVIC
2020-11-14 15:54:47,830 [INFO] CodeGenerator:603 - code generatio: config db path: D:\Program Files\STM32CubeIDE_1.3.0\STM32CubeIDE\plugins\com.st.stm32cube.common.mx_5.6.0.202002181639\\db\
2020-11-14 15:54:48,653 [INFO] CodeEngine:188 - oldGeneratedFile, D:\Project\F4board\2-PROGRAM\V1\V1\MXTmpFiles\license.tmp_save
2020-11-14 15:54:49,198 [INFO] CodeEngine:206 - Generated code: D:\Project\F4board\2-PROGRAM\V1\V1\MXTmpFiles\license.tmp
2020-11-14 15:54:49,410 [INFO] LogOutputStream:76 - [STDOUT_REDIRECT] Debug : prepare data for NVIC
2020-11-14 15:54:49,412 [INFO] LogOutputStream:76 - [STDOUT_REDIRECT] Command line test
2020-11-14 15:54:49,426 [INFO] CodeEngine:188 - oldGeneratedFile, D:\Project\F4board\2-PROGRAM\V1\V1\Core\Src\stm32f4xx_it.c_save
2020-11-14 15:54:49,654 [INFO] CodeEngine:206 - Generated code: D:\Project\F4board\2-PROGRAM\V1\V1\Core\Src\stm32f4xx_it.c
2020-11-14 15:54:49,668 [INFO] CodeEngine:188 - oldGeneratedFile, D:\Project\F4board\2-PROGRAM\V1\V1\Core\Inc\stm32f4xx_it.h_save
2020-11-14 15:54:49,801 [INFO] CodeEngine:206 - Generated code: D:\Project\F4board\2-PROGRAM\V1\V1\Core\Inc\stm32f4xx_it.h
2020-11-14 15:54:49,825 [INFO] CodeEngine:188 - oldGeneratedFile, D:\Project\F4board\2-PROGRAM\V1\V1\Core\Src\stm32f4xx_hal_msp.c_save
2020-11-14 15:54:50,184 [INFO] CodeEngine:206 - Generated code: D:\Project\F4board\2-PROGRAM\V1\V1\Core\Src\stm32f4xx_hal_msp.c
2020-11-14 15:54:50,197 [INFO] CodeEngine:188 - oldGeneratedFile, D:\Project\F4board\2-PROGRAM\V1\V1\MXTmpFiles\system.tmp_save
2020-11-14 15:54:50,397 [INFO] CodeEngine:206 - Generated code: D:\Project\F4board\2-PROGRAM\V1\V1\MXTmpFiles\system.tmp
2020-11-14 15:54:50,418 [INFO] CodeEngine:188 - oldGeneratedFile, D:\Project\F4board\2-PROGRAM\V1\V1\Core\Inc\stm32f4xx_hal_conf.h_save
2020-11-14 15:54:50,613 [INFO] CodeEngine:206 - Generated code: D:\Project\F4board\2-PROGRAM\V1\V1\Core\Inc\stm32f4xx_hal_conf.h
2020-11-14 15:54:50,698 [INFO] CodeEngine:188 - oldGeneratedFile, D:\Project\F4board\2-PROGRAM\V1\V1\Core\Inc\main.h_save
2020-11-14 15:54:50,946 [INFO] CodeEngine:206 - Generated code: D:\Project\F4board\2-PROGRAM\V1\V1\Core\Inc\main.h
2020-11-14 15:54:50,963 [INFO] CodeEngine:188 - oldGeneratedFile, D:\Project\F4board\2-PROGRAM\V1\V1\Core\Src\main.c_save
2020-11-14 15:54:51,477 [INFO] CodeEngine:206 - Generated code: D:\Project\F4board\2-PROGRAM\V1\V1\Core\Src\main.c
2020-11-14 15:54:53,896 [INFO] ProjectBuilder:2002 - Time for Copy HAL[1] : 951mS.
2020-11-14 15:54:53,902 [INFO] ProjectBuilder:2727 - Project Generator version: 3.7.1
2020-11-14 15:54:54,566 [INFO] ConfigFileManager:1066 - The Die is : DIE413
2020-11-14 15:55:02,349 [INFO] ProjectBuilder:2894 - Time for Generating toolchain IDE Files: 8446mS.
2020-11-14 15:55:02,350 [INFO] ProjectBuilder:1878 - Time for Copy CMSIS : 1mS.
2020-11-14 15:55:02,357 [INFO] ProjectBuilder:1878 - Time for Copy CMSIS : 0mS.
